hi
Connected to Mysql 5.7.28-0ubuntu0.18.04.4
hi
Connected to Mysql 5.7.28-0ubuntu0.18.04.4
https://www.paknsaveonline.co.nz/category/fresh-foods-and-bakery/fruit--vegetables?pg=1
added To database
https://www.paknsaveonline.co.nz/category/fresh-foods-and-bakery/fruit--vegetables?pg=2
added To database
https://www.paknsaveonline.co.nz/category/fresh-foods-and-bakery/fruit--vegetables?pg=3
added To database
https://www.paknsaveonline.co.nz/category/fresh-foods-and-bakery/fruit--vegetables?pg=4
added To database
https://www.paknsaveonline.co.nz/category/fresh-foods-and-bakery/fruit--vegetables?pg=5
added To database
https://www.paknsaveonline.co.nz/category/fresh-foods-and-bakery/fruit--vegetables?pg=6
added To database
https://www.paknsaveonline.co.nz/category/fresh-foods-and-bakery/fruit--vegetables?pg=7
added To database
https://www.paknsaveonline.co.nz/category/fresh-foods-and-bakery/fruit--vegetables?pg=8
added To database
https://www.paknsaveonline.co.nz/category/fresh-foods-and-bakery/fruit--vegetables?pg=9
added To database
https://www.paknsaveonline.co.nz/category/fresh-foods-and-bakery/fruit--vegetables?pg=10
added To database
https://www.paknsaveonline.co.nz/category/fresh-foods-and-bakery/butchery?pg=1
added To database
https://www.paknsaveonline.co.nz/category/fresh-foods-and-bakery/butchery?pg=2
added To database
https://www.paknsaveonline.co.nz/category/fresh-foods-and-bakery/butchery?pg=3
added To database
https://www.paknsaveonline.co.nz/category/fresh-foods-and-bakery/butchery?pg=4
added To database
https://www.paknsaveonline.co.nz/category/fresh-foods-and-bakery/butchery?pg=5
added To database
https://www.paknsaveonline.co.nz/category/fresh-foods-and-bakery/seafood?pg=1
added To database
https://www.paknsaveonline.co.nz/category/fresh-foods-and-bakery/seafood?pg=2
added To database
https://www.paknsaveonline.co.nz/category/fresh-foods-and-bakery/deli-salads--cooked-meats?pg=1
added To database
https://www.paknsaveonline.co.nz/category/fresh-foods-and-bakery/deli-salads--cooked-meats?pg=2
added To database
https://www.paknsaveonline.co.nz/category/fresh-foods-and-bakery/deli-salads--cooked-meats?pg=3
added To database
https://www.paknsaveonline.co.nz/category/fresh-foods-and-bakery/deli-salads--cooked-meats?pg=4
added To database
https://www.paknsaveonline.co.nz/category/fresh-foods-and-bakery/deli-salads--cooked-meats?pg=5
added To database
https://www.paknsaveonline.co.nz/category/fresh-foods-and-bakery/deli-salads--cooked-meats?pg=6
added To database
https://www.paknsaveonline.co.nz/category/fresh-foods-and-bakery/deli-salads--cooked-meats?pg=7
added To database
https://www.paknsaveonline.co.nz/category/fresh-foods-and-bakery/deli-salads--cooked-meats?pg=8
added To database
https://www.paknsaveonline.co.nz/category/fresh-foods-and-bakery/deli-salads--cooked-meats?pg=9
added To database
https://www.paknsaveonline.co.nz/category/fresh-foods-and-bakery/deli-salads--cooked-meats?pg=10
added To database
https://www.paknsaveonline.co.nz/category/fresh-foods-and-bakery/deli-salads--cooked-meats?pg=11
added To database
https://www.paknsaveonline.co.nz/category/fresh-foods-and-bakery/deli-salads--cooked-meats?pg=12
added To database
https://www.paknsaveonline.co.nz/category/fresh-foods-and-bakery/deli-salads--cooked-meats?pg=13
added To database
https://www.paknsaveonline.co.nz/category/fresh-foods-and-bakery/deli-salads--cooked-meats?pg=14
added To database
https://www.paknsaveonline.co.nz/category/fresh-foods-and-bakery/deli-salads--cooked-meats?pg=15
added To database
https://www.paknsaveonline.co.nz/category/fresh-foods-and-bakery/deli-salads--cooked-meats?pg=16
added To database
https://www.paknsaveonline.co.nz/category/fresh-foods-and-bakery/bakery?pg=1
added To database
https://www.paknsaveonline.co.nz/category/fresh-foods-and-bakery/bakery?pg=2
added To database
https://www.paknsaveonline.co.nz/category/fresh-foods-and-bakery/bakery?pg=3
added To database
https://www.paknsaveonline.co.nz/category/fresh-foods-and-bakery/bakery?pg=4
added To database
https://www.paknsaveonline.co.nz/category/fresh-foods-and-bakery/bakery?pg=5
added To database
https://www.paknsaveonline.co.nz/category/fresh-foods-and-bakery/bakery?pg=6
added To database
https://www.paknsaveonline.co.nz/category/fresh-foods-and-bakery/bakery?pg=7
added To database
https://www.paknsaveonline.co.nz/category/fresh-foods-and-bakery/bakery?pg=8
added To database
https://www.paknsaveonline.co.nz/category/fresh-foods-and-bakery/bakery?pg=9
added To database
https://www.paknsaveonline.co.nz/category/fresh-foods-and-bakery/bakery?pg=10
added To database
https://www.paknsaveonline.co.nz/category/fresh-foods-and-bakery/bakery?pg=11
added To database
https://www.paknsaveonline.co.nz/category/fresh-foods-and-bakery/bakery?pg=12
added To database
https://www.paknsaveonline.co.nz/category/fresh-foods-and-bakery/bakery?pg=13
added To database
https://www.paknsaveonline.co.nz/category/fresh-foods-and-bakery/bakery?pg=14
added To database
https://www.paknsaveonline.co.nz/category/fresh-foods-and-bakery/dairy--eggs?pg=1
added To database
https://www.paknsaveonline.co.nz/category/fresh-foods-and-bakery/dairy--eggs?pg=2
added To database
https://www.paknsaveonline.co.nz/category/fresh-foods-and-bakery/dairy--eggs?pg=3
added To database
https://www.paknsaveonline.co.nz/category/fresh-foods-and-bakery/dairy--eggs?pg=4
added To database
https://www.paknsaveonline.co.nz/category/fresh-foods-and-bakery/dairy--eggs?pg=5
added To database
https://www.paknsaveonline.co.nz/category/fresh-foods-and-bakery/dairy--eggs?pg=6
added To database
https://www.paknsaveonline.co.nz/category/fresh-foods-and-bakery/dairy--eggs?pg=7
added To database
https://www.paknsaveonline.co.nz/category/fresh-foods-and-bakery/dairy--eggs?pg=8
added To database
https://www.paknsaveonline.co.nz/category/fresh-foods-and-bakery/dairy--eggs?pg=9
added To database
https://www.paknsaveonline.co.nz/category/fresh-foods-and-bakery/dairy--eggs?pg=10
added To database
https://www.paknsaveonline.co.nz/category/fresh-foods-and-bakery/dairy--eggs?pg=11
added To database
https://www.paknsaveonline.co.nz/category/fresh-foods-and-bakery/dairy--eggs?pg=12
added To database
https://www.paknsaveonline.co.nz/category/fresh-foods-and-bakery/dairy--eggs?pg=13
added To database
https://www.paknsaveonline.co.nz/category/fresh-foods-and-bakery/dairy--eggs?pg=14
added To database
https://www.paknsaveonline.co.nz/category/fresh-foods-and-bakery/dairy--eggs?pg=15
added To database
https://www.paknsaveonline.co.nz/category/fresh-foods-and-bakery/dairy--eggs?pg=16
added To database
https://www.paknsaveonline.co.nz/category/fresh-foods-and-bakery/dairy--eggs?pg=17
added To database
https://www.paknsaveonline.co.nz/category/fresh-foods-and-bakery/dairy--eggs?pg=18
added To database
https://www.paknsaveonline.co.nz/category/fresh-foods-and-bakery/dairy--eggs?pg=19
added To database
https://www.paknsaveonline.co.nz/category/fresh-foods-and-bakery/dairy--eggs?pg=20
added To database
